Copyright 1986-2022 Xilinx, Inc. All Rights Reserved. Copyright 2022-2023 Advanced Micro Devices, Inc. All Rights Reserved.
--------------------------------------------------------------------------------------------------------------------------------------------------------------------------------------
| Tool Version : Vivado v.2023.1.1 (win64) Build 3900603 Fri Jun 16 19:31:24 MDT 2023
| Date         : Wed Oct 18 21:11:01 2023
| Host         : LAPTOP-8T4ECO50 running 64-bit major release  (build 9200)
| Command      : report_methodology -file StateMachineUART_methodology_drc_routed.rpt -pb StateMachineUART_methodology_drc_routed.pb -rpx StateMachineUART_methodology_drc_routed.rpx
| Design       : StateMachineUART
| Device       : xc7z010clg400-1
| Speed File   : -1
| Design State : Fully Routed
--------------------------------------------------------------------------------------------------------------------------------------------------------------------------------------

Report Methodology

Table of Contents
-----------------
1. REPORT SUMMARY
2. REPORT DETAILS

1. REPORT SUMMARY
-----------------
            Netlist: netlist
          Floorplan: design_1
      Design limits: <entire design considered>
             Max violations: <unlimited>
             Violations found: 0
+------+----------+-------------+------------+
| Rule | Severity | Description | Violations |
+------+----------+-------------+------------+
+------+----------+-------------+------------+

2. REPORT DETAILS
-----------------

